01/11/2025 03:38:49.175 [[31mERROR[0m] (Unknown location) Erro ao criar um novo membro: 
Invalid `prisma.membro.create()` invocation in
C:\Users\samue\Documents\Programação\Projetos\2025\ControleMembrosIgreja\controlemembrosigreja-backend\src\models\membro\membroModels.js:41:44

  38   ...membroData
  39 } = data;
  40 
→ 41 const membro = await prisma.membro.create({
       data: {
         nome: "Samuel Cardoso Félix",
         dataNascimento: "2004-02-28",
         sexo: "Masculino",
         telefone: "84998942222",
         situacaoCivil: "Solteiro",
         endereco: "Rua José Fernandes de Queiroz - 920",
         batizado: true,
         encontroComDeus: true,
         libertacao: true,
         discipulado: true,
         temDiscipulador: false,
         nomeDiscipulador: "",
         funcaoIgreja: "Produção",
         suplente: [
         ~~~~~~~~
           {
             nome: "Samuel Silva"
           },
           {
             nome: "Renata Xavier"
           }
         ],
         liderCelula: true,
         professor: true,
         classeProfessor: "Jovens",
         auxiliarProfessor: [
           {
             nome: "João Vitor Santos"
           },
           {
             nome: "Aurilúcia Félix"
           }
         ],
         dataInicioFuncao: "2025-01-19",
         tempoNaFuncao: "9 mêses e 14 dias",
         treinamentoLideres: true,
         trilho: true,
         conselhoFiscal: {
           create: [
             {
               nome: "João ZG"
             },
             {
               nome: "Vinícius João"
             }
           ]
         },
         suplentes: undefined,
         diretoriaIgreja: {
           create: [
             {
               nome: "Pastor Edson Moreira"
             },
             {
               nome: "Pastora Cidinha"
             }
           ]
         },
         auxiliaresProfessor: undefined,
     ?   id?: String,
     ?   createdAt?: DateTime,
     ?   updatedAt?: DateTime
       }
     })

Unknown argument `suplente`. Did you mean `suplentes`? Available options are marked with ?.
01/11/2025 03:38:49.182 [[31mERROR[0m] (Unknown location) Erro no controller ao criar um novo membro: 
Invalid `prisma.membro.create()` invocation in
C:\Users\samue\Documents\Programação\Projetos\2025\ControleMembrosIgreja\controlemembrosigreja-backend\src\models\membro\membroModels.js:41:44

  38   ...membroData
  39 } = data;
  40 
→ 41 const membro = await prisma.membro.create({
       data: {
         nome: "Samuel Cardoso Félix",
         dataNascimento: "2004-02-28",
         sexo: "Masculino",
         telefone: "84998942222",
         situacaoCivil: "Solteiro",
         endereco: "Rua José Fernandes de Queiroz - 920",
         batizado: true,
         encontroComDeus: true,
         libertacao: true,
         discipulado: true,
         temDiscipulador: false,
         nomeDiscipulador: "",
         funcaoIgreja: "Produção",
         suplente: [
         ~~~~~~~~
           {
             nome: "Samuel Silva"
           },
           {
             nome: "Renata Xavier"
           }
         ],
         liderCelula: true,
         professor: true,
         classeProfessor: "Jovens",
         auxiliarProfessor: [
           {
             nome: "João Vitor Santos"
           },
           {
             nome: "Aurilúcia Félix"
           }
         ],
         dataInicioFuncao: "2025-01-19",
         tempoNaFuncao: "9 mêses e 14 dias",
         treinamentoLideres: true,
         trilho: true,
         conselhoFiscal: {
           create: [
             {
               nome: "João ZG"
             },
             {
               nome: "Vinícius João"
             }
           ]
         },
         suplentes: undefined,
         diretoriaIgreja: {
           create: [
             {
               nome: "Pastor Edson Moreira"
             },
             {
               nome: "Pastora Cidinha"
             }
           ]
         },
         auxiliaresProfessor: undefined,
     ?   id?: String,
     ?   createdAt?: DateTime,
     ?   updatedAt?: DateTime
       }
     })

Unknown argument `suplente`. Did you mean `suplentes`? Available options are marked with ?.
03/11/2025 11:27:19.598 [[31mERROR[0m] (Unknown location) Erro ao criar um novo membro: 
Invalid `prisma.membro.create()` invocation in
C:\Users\samue\Documents\Programação\Projetos\2025\ControleMembrosIgreja\controlemembrosigreja-backend\src\models\membro\membroModels.js:41:44

  38   ...membroData
  39 } = data;
  40 
→ 41 const membro = await prisma.membro.create({
       data: {
         nome: "Samuel Cardoso Félix",
         dataNascimento: "2004-02-28",
         sexo: "Masculino",
         telefone: "84998942222",
         situacaoCivil: "Casado",
         endereco: "Rua José Fernandes de Queiroz - 136",
         batizado: true,
         encontroComDeus: true,
         libertacao: true,
         discipulado: false,
         temDiscipulador: false,
         nomeDiscipulador: "",
         funcaoIgreja: "Produção",
         liderCelula: true,
         professor: true,
         classeProfessor: "Jovens Casados",
         auxiliarProfessor: [
         ~~~~~~~~~~~~~~~~~
           {
             nome: "Letícia Medeiros Félix"
           }
         ],
         dataInicioFuncao: "2025-01-27",
         tempoNaFuncao: "9 mêses e 8 dias",
         treinamentoLideres: true,
         trilho: false,
         conselhoFiscal: {
           create: [
             {
               nome: "João Batista"
             },
             {
               nome: "Gira no Manto"
             }
           ]
         },
         suplente: {
           create: [
             {
               nome: "Gabriel II"
             },
             {
               nome: "Victor Mano"
             }
           ]
         },
         diretoriaIgreja: {
           create: [
             {
               nome: "Samuel Aquino"
             },
             {
               nome: "Kleber de Jesus"
             },
             {
               nome: "Aroldo Cândido Cardozo"
             }
           ]
         },
         auxiliaresProfessor: undefined,
     ?   id?: String,
     ?   createdAt?: DateTime,
     ?   updatedAt?: DateTime
       }
     })

Unknown argument `auxiliarProfessor`. Did you mean `auxiliaresProfessor`? Available options are marked with ?.
03/11/2025 11:27:19.603 [[31mERROR[0m] (Unknown location) Erro no controller ao criar um novo membro: 
Invalid `prisma.membro.create()` invocation in
C:\Users\samue\Documents\Programação\Projetos\2025\ControleMembrosIgreja\controlemembrosigreja-backend\src\models\membro\membroModels.js:41:44

  38   ...membroData
  39 } = data;
  40 
→ 41 const membro = await prisma.membro.create({
       data: {
         nome: "Samuel Cardoso Félix",
         dataNascimento: "2004-02-28",
         sexo: "Masculino",
         telefone: "84998942222",
         situacaoCivil: "Casado",
         endereco: "Rua José Fernandes de Queiroz - 136",
         batizado: true,
         encontroComDeus: true,
         libertacao: true,
         discipulado: false,
         temDiscipulador: false,
         nomeDiscipulador: "",
         funcaoIgreja: "Produção",
         liderCelula: true,
         professor: true,
         classeProfessor: "Jovens Casados",
         auxiliarProfessor: [
         ~~~~~~~~~~~~~~~~~
           {
             nome: "Letícia Medeiros Félix"
           }
         ],
         dataInicioFuncao: "2025-01-27",
         tempoNaFuncao: "9 mêses e 8 dias",
         treinamentoLideres: true,
         trilho: false,
         conselhoFiscal: {
           create: [
             {
               nome: "João Batista"
             },
             {
               nome: "Gira no Manto"
             }
           ]
         },
         suplente: {
           create: [
             {
               nome: "Gabriel II"
             },
             {
               nome: "Victor Mano"
             }
           ]
         },
         diretoriaIgreja: {
           create: [
             {
               nome: "Samuel Aquino"
             },
             {
               nome: "Kleber de Jesus"
             },
             {
               nome: "Aroldo Cândido Cardozo"
             }
           ]
         },
         auxiliaresProfessor: undefined,
     ?   id?: String,
     ?   createdAt?: DateTime,
     ?   updatedAt?: DateTime
       }
     })

Unknown argument `auxiliarProfessor`. Did you mean `auxiliaresProfessor`? Available options are marked with ?.
03/11/2025 11:32:01.741 [[31mERROR[0m] (Unknown location) Erro ao criar um novo membro: 
Invalid `prisma.membro.create()` invocation in
C:\Users\samue\Documents\Programação\Projetos\2025\ControleMembrosIgreja\controlemembrosigreja-backend\src\models\membro\membroModels.js:41:44

  38   ...membroData
  39 } = data;
  40 
→ 41 const membro = await prisma.membro.create({
       data: {
         nome: "Samuel Cardoso Félix",
         dataNascimento: "2004-02-28",
         sexo: "Masculino",
         telefone: "84998942222",
         situacaoCivil: "Casado",
         endereco: "Rua José Fernandes de Queiroz - 136",
         batizado: true,
         encontroComDeus: true,
         libertacao: true,
         discipulado: false,
         temDiscipulador: false,
         nomeDiscipulador: "",
         funcaoIgreja: "Produção",
         liderCelula: true,
         professor: true,
         classeProfessor: "Jovens Casados",
         auxiliarProfessor: [
           {
             nome: "Letícia Medeiros Félix"
           }
         ],
         ~~~~~~~~~~~~~~~~~~~~~~~~~~~~~~~~~~
         dataInicioFuncao: "2025-01-27",
         tempoNaFuncao: "9 mêses e 8 dias",
         treinamentoLideres: true,
         trilho: false,
         conselhoFiscal: {
           create: [
             {
               nome: "João Batista"
             },
             {
               nome: "Gira no Manto"
             }
           ]
         },
         suplente: {
           create: [
             {
               nome: "Gabriel II"
             },
             {
               nome: "Victor Mano"
             }
           ]
         },
         diretoriaIgreja: {
           create: [
             {
               nome: "Samuel Aquino"
             },
             {
               nome: "Kleber de Jesus"
             },
             {
               nome: "Aroldo Cândido Cardozo"
             }
           ]
         },
         auxiliaresProfessor: undefined
       }
     })

Argument `auxiliarProfessor`: Invalid value provided. Expected AuxiliarProfessorCreateNestedManyWithoutMembroInput or AuxiliarProfessorUncheckedCreateNestedManyWithoutMembroInput, provided (Object).
03/11/2025 11:32:01.744 [[31mERROR[0m] (Unknown location) Erro no controller ao criar um novo membro: 
Invalid `prisma.membro.create()` invocation in
C:\Users\samue\Documents\Programação\Projetos\2025\ControleMembrosIgreja\controlemembrosigreja-backend\src\models\membro\membroModels.js:41:44

  38   ...membroData
  39 } = data;
  40 
→ 41 const membro = await prisma.membro.create({
       data: {
         nome: "Samuel Cardoso Félix",
         dataNascimento: "2004-02-28",
         sexo: "Masculino",
         telefone: "84998942222",
         situacaoCivil: "Casado",
         endereco: "Rua José Fernandes de Queiroz - 136",
         batizado: true,
         encontroComDeus: true,
         libertacao: true,
         discipulado: false,
         temDiscipulador: false,
         nomeDiscipulador: "",
         funcaoIgreja: "Produção",
         liderCelula: true,
         professor: true,
         classeProfessor: "Jovens Casados",
         auxiliarProfessor: [
           {
             nome: "Letícia Medeiros Félix"
           }
         ],
         ~~~~~~~~~~~~~~~~~~~~~~~~~~~~~~~~~~
         dataInicioFuncao: "2025-01-27",
         tempoNaFuncao: "9 mêses e 8 dias",
         treinamentoLideres: true,
         trilho: false,
         conselhoFiscal: {
           create: [
             {
               nome: "João Batista"
             },
             {
               nome: "Gira no Manto"
             }
           ]
         },
         suplente: {
           create: [
             {
               nome: "Gabriel II"
             },
             {
               nome: "Victor Mano"
             }
           ]
         },
         diretoriaIgreja: {
           create: [
             {
               nome: "Samuel Aquino"
             },
             {
               nome: "Kleber de Jesus"
             },
             {
               nome: "Aroldo Cândido Cardozo"
             }
           ]
         },
         auxiliaresProfessor: undefined
       }
     })

Argument `auxiliarProfessor`: Invalid value provided. Expected AuxiliarProfessorCreateNestedManyWithoutMembroInput or AuxiliarProfessorUncheckedCreateNestedManyWithoutMembroInput, provided (Object).
03/11/2025 11:34:55.719 [[31mERROR[0m] (C:\Users\samue\Documents\Programação\Projetos\2025\ControleMembrosIgreja\controlemembrosigreja-backend\src\models\membro\membroModels.js:51) Erro ao criar um novo membro: auxiliaresProfessor is not defined
03/11/2025 11:34:55.722 [[31mERROR[0m] (C:\Users\samue\Documents\Programação\Projetos\2025\ControleMembrosIgreja\controlemembrosigreja-backend\src\models\membro\membroModels.js:51) Erro no controller ao criar um novo membro: auxiliaresProfessor is not defined
03/11/2025 11:35:26.832 [[31mERROR[0m] (Unknown location) Erro ao buscar todos os membros: 
Invalid `prisma.membro.findMany()` invocation in
C:\Users\samue\Documents\Programação\Projetos\2025\ControleMembrosIgreja\controlemembrosigreja-backend\src\models\membro\membroModels.js:8:51

  5 module.exports = {
  6   async getAllMembros() {
  7     try {
→ 8       const buscarMembrosDB = await prisma.membro.findMany({
            include: {
              conselhoFiscal: {
                select: {
                  id: true,
                  nome: true,
                  membroId: true
                }
              },
              suplentes: {
              ~~~~~~~~~
                select: {
                  id: true,
                  nome: true,
                  membroId: true
                }
              },
              diretoriaIgreja: {
                select: {
                  id: true,
                  nome: true,
                  membroId: true
                }
              },
              auxiliaresProfessor: {
                select: {
                  id: true,
                  nome: true,
                  membroId: true
                }
              },
          ?   suplente?: true,
          ?   auxiliarProfessor?: true
            },
            orderBy: {
              nome: "asc"
            }
          })

Unknown field `suplentes` for include statement on model `Membro`. Available options are marked with ?.
03/11/2025 11:35:26.835 [[31mERROR[0m] (Unknown location) Erro no controller ao buscar todos os membros: 
Invalid `prisma.membro.findMany()` invocation in
C:\Users\samue\Documents\Programação\Projetos\2025\ControleMembrosIgreja\controlemembrosigreja-backend\src\models\membro\membroModels.js:8:51

  5 module.exports = {
  6   async getAllMembros() {
  7     try {
→ 8       const buscarMembrosDB = await prisma.membro.findMany({
            include: {
              conselhoFiscal: {
                select: {
                  id: true,
                  nome: true,
                  membroId: true
                }
              },
              suplentes: {
              ~~~~~~~~~
                select: {
                  id: true,
                  nome: true,
                  membroId: true
                }
              },
              diretoriaIgreja: {
                select: {
                  id: true,
                  nome: true,
                  membroId: true
                }
              },
              auxiliaresProfessor: {
                select: {
                  id: true,
                  nome: true,
                  membroId: true
                }
              },
          ?   suplente?: true,
          ?   auxiliarProfessor?: true
            },
            orderBy: {
              nome: "asc"
            }
          })

Unknown field `suplentes` for include statement on model `Membro`. Available options are marked with ?.
03/11/2025 11:35:44.449 [[31mERROR[0m] (Unknown location) Erro ao buscar todos os membros: 
Invalid `prisma.membro.findMany()` invocation in
C:\Users\samue\Documents\Programação\Projetos\2025\ControleMembrosIgreja\controlemembrosigreja-backend\src\models\membro\membroModels.js:8:51

  5 module.exports = {
  6   async getAllMembros() {
  7     try {
→ 8       const buscarMembrosDB = await prisma.membro.findMany({
            include: {
              conselhoFiscal: {
                select: {
                  id: true,
                  nome: true,
                  membroId: true
                }
              },
              suplentes: {
              ~~~~~~~~~
                select: {
                  id: true,
                  nome: true,
                  membroId: true
                }
              },
              diretoriaIgreja: {
                select: {
                  id: true,
                  nome: true,
                  membroId: true
                }
              },
              auxiliaresProfessor: {
                select: {
                  id: true,
                  nome: true,
                  membroId: true
                }
              },
          ?   suplente?: true,
          ?   auxiliarProfessor?: true
            },
            orderBy: {
              nome: "asc"
            }
          })

Unknown field `suplentes` for include statement on model `Membro`. Available options are marked with ?.
03/11/2025 11:35:44.452 [[31mERROR[0m] (Unknown location) Erro no controller ao buscar todos os membros: 
Invalid `prisma.membro.findMany()` invocation in
C:\Users\samue\Documents\Programação\Projetos\2025\ControleMembrosIgreja\controlemembrosigreja-backend\src\models\membro\membroModels.js:8:51

  5 module.exports = {
  6   async getAllMembros() {
  7     try {
→ 8       const buscarMembrosDB = await prisma.membro.findMany({
            include: {
              conselhoFiscal: {
                select: {
                  id: true,
                  nome: true,
                  membroId: true
                }
              },
              suplentes: {
              ~~~~~~~~~
                select: {
                  id: true,
                  nome: true,
                  membroId: true
                }
              },
              diretoriaIgreja: {
                select: {
                  id: true,
                  nome: true,
                  membroId: true
                }
              },
              auxiliaresProfessor: {
                select: {
                  id: true,
                  nome: true,
                  membroId: true
                }
              },
          ?   suplente?: true,
          ?   auxiliarProfessor?: true
            },
            orderBy: {
              nome: "asc"
            }
          })

Unknown field `suplentes` for include statement on model `Membro`. Available options are marked with ?.
03/11/2025 11:35:44.460 [[31mERROR[0m] (Unknown location) Erro ao buscar todos os membros: 
Invalid `prisma.membro.findMany()` invocation in
C:\Users\samue\Documents\Programação\Projetos\2025\ControleMembrosIgreja\controlemembrosigreja-backend\src\models\membro\membroModels.js:8:51

  5 module.exports = {
  6   async getAllMembros() {
  7     try {
→ 8       const buscarMembrosDB = await prisma.membro.findMany({
            include: {
              conselhoFiscal: {
                select: {
                  id: true,
                  nome: true,
                  membroId: true
                }
              },
              suplentes: {
              ~~~~~~~~~
                select: {
                  id: true,
                  nome: true,
                  membroId: true
                }
              },
              diretoriaIgreja: {
                select: {
                  id: true,
                  nome: true,
                  membroId: true
                }
              },
              auxiliaresProfessor: {
                select: {
                  id: true,
                  nome: true,
                  membroId: true
                }
              },
          ?   suplente?: true,
          ?   auxiliarProfessor?: true
            },
            orderBy: {
              nome: "asc"
            }
          })

Unknown field `suplentes` for include statement on model `Membro`. Available options are marked with ?.
03/11/2025 11:35:44.461 [[31mERROR[0m] (Unknown location) Erro no controller ao buscar todos os membros: 
Invalid `prisma.membro.findMany()` invocation in
C:\Users\samue\Documents\Programação\Projetos\2025\ControleMembrosIgreja\controlemembrosigreja-backend\src\models\membro\membroModels.js:8:51

  5 module.exports = {
  6   async getAllMembros() {
  7     try {
→ 8       const buscarMembrosDB = await prisma.membro.findMany({
            include: {
              conselhoFiscal: {
                select: {
                  id: true,
                  nome: true,
                  membroId: true
                }
              },
              suplentes: {
              ~~~~~~~~~
                select: {
                  id: true,
                  nome: true,
                  membroId: true
                }
              },
              diretoriaIgreja: {
                select: {
                  id: true,
                  nome: true,
                  membroId: true
                }
              },
              auxiliaresProfessor: {
                select: {
                  id: true,
                  nome: true,
                  membroId: true
                }
              },
          ?   suplente?: true,
          ?   auxiliarProfessor?: true
            },
            orderBy: {
              nome: "asc"
            }
          })

Unknown field `suplentes` for include statement on model `Membro`. Available options are marked with ?.
